#
# There is insufficient memory for the Java Runtime Environment to continue.
# Native memory allocation (mmap) failed to map 32505856 bytes for committing reserved memory.
# Possible reasons:
#   The system is out of physical RAM or swap space
#   The process is running with CompressedOops enabled, and the Java Heap may be blocking the growth of the native heap
# Possible solutions:
#   Reduce memory load on the system
#   Increase physical memory or swap space
#   Check if swap backing store is full
#   Decrease Java heap size (-Xmx/-Xms)
#   Decrease number of Java threads
#   Decrease Java thread stack sizes (-Xss)
#   Set larger code cache with -XX:ReservedCodeCacheSize=
#   JVM is running with Unscaled Compressed Oops mode in which the Java heap is
#     placed in the first 4GB address space. The Java Heap base address is the
#     maximum limit for the native heap growth. Please use -XX:HeapBaseMinAddress
#     to set the Java Heap base and to place the Java Heap above 4GB virtual address.
# This output file may be truncated or incomplete.
#
#  Out of Memory Error (os_linux.cpp:2756), pid=16273, tid=0x00007fd9dc628700
#
# JRE version: OpenJDK Runtime Environment (8.0_212-b03) (build 1.8.0_212-8u212-b03-0ubuntu1.18.04.1-b03)
# Java VM: OpenJDK 64-Bit Server VM (25.212-b03 mixed mode linux-amd64 compressed oops)
# Failed to write core dump. Core dumps have been disabled. To enable core dumping, try "ulimit -c unlimited" before starting Java again
#

---------------  T H R E A D  ---------------

Current thread (0x00007fd9ec0fc800):  VMThread [stack: 0x00007fd9dc529000,0x00007fd9dc629000] [id=16277]

Stack: [0x00007fd9dc529000,0x00007fd9dc629000],  sp=0x00007fd9dc6274a0,  free space=1017k
Native frames: (J=compiled Java code, j=interpreted, Vv=VM code, C=native code)
V  [libjvm.so+0xab46a2]
V  [libjvm.so+0x4db6b7]
V  [libjvm.so+0x8ef7b0]
V  [libjvm.so+0x8e68ce]
V  [libjvm.so+0x96a406]
V  [libjvm.so+0x96b778]
V  [libjvm.so+0x967d76]
V  [libjvm.so+0x96810c]
V  [libjvm.so+0x916928]
V  [libjvm.so+0xab6372]
V  [libjvm.so+0xabaea6]
V  [libjvm.so+0xab91e5]
V  [libjvm.so+0xab9abd]
V  [libjvm.so+0xab9e97]
V  [libjvm.so+0x8ecb42]

VM_Operation (0x00007fd9f4f82520): ParallelGCFailedAllocation, mode: safepoint, requested by thread 0x00007fd9ec00b800


---------------  P R O C E S S  ---------------

Java Threads: ( => current thread )
  0x00007fd9ec155000 JavaThread "Service Thread" daemon [_thread_blocked, id=16283, stack(0x00007fd9d44bc000,0x00007fd9d45bd000)]
  0x00007fd9ec140800 JavaThread "C1 CompilerThread1" daemon [_thread_blocked, id=16282, stack(0x00007fd9dc024000,0x00007fd9dc124000)]
  0x00007fd9ec13d800 JavaThread "C2 CompilerThread0" daemon [_thread_blocked, id=16281, stack(0x00007fd9dc125000,0x00007fd9dc225000)]
  0x00007fd9ec13c000 JavaThread "Signal Dispatcher" daemon [_thread_blocked, id=16280, stack(0x00007fd9dc225000,0x00007fd9dc326000)]
  0x00007fd9ec108800 JavaThread "Finalizer" daemon [_thread_blocked, id=16279, stack(0x00007fd9dc326000,0x00007fd9dc427000)]
  0x00007fd9ec106000 JavaThread "Reference Handler" daemon [_thread_blocked, id=16278, stack(0x00007fd9dc427000,0x00007fd9dc528000)]
  0x00007fd9ec00b800 JavaThread "main" [_thread_blocked, id=16274, stack(0x00007fd9f4e85000,0x00007fd9f4f85000)]

Other Threads:
=>0x00007fd9ec0fc800 VMThread [stack: 0x00007fd9dc529000,0x00007fd9dc629000] [id=16277]
  0x00007fd9ec160000 WatcherThread [stack: 0x00007fd9d43bc000,0x00007fd9d44bc000] [id=16284]

VM state:at safepoint (normal execution)

VM Mutex/Monitor currently owned by a thread:  ([mutex/lock_event])
[0x00007fd9ec007fa0] Threads_lock - owner thread: 0x00007fd9ec0fc800
[0x00007fd9ec0084a0] Heap_lock - owner thread: 0x00007fd9ec00b800

heap address: 0x00000000a0000000, size: 1536 MB, Compressed Oops mode: 32-bit
Narrow klass base: 0x0000000000000000, Narrow klass shift: 3
Compressed class space size: 1073741824 Address: 0x0000000100000000

Heap:
 PSYoungGen      total 34304K, used 2543K [0x00000000e0000000, 0x00000000e2400000, 0x0000000100000000)
  eden space 31744K, 0% used [0x00000000e0000000,0x00000000e0000000,0x00000000e1f00000)
  from space 2560K, 99% used [0x00000000e1f00000,0x00000000e217bc30,0x00000000e2180000)
  to   space 2560K, 0% used [0x00000000e2180000,0x00000000e2180000,0x00000000e2400000)
 ParOldGen       total 42496K, used 7026K [0x00000000a0000000, 0x00000000a2980000, 0x00000000e0000000)
  object space 42496K, 16% used [0x00000000a0000000,0x00000000a06dca80,0x00000000a2980000)
 Metaspace       used 17075K, capacity 17680K, committed 17920K, reserved 1064960K
  class space    used 2346K, capacity 2487K, committed 2560K, reserved 1048576K

Card table byte_map: [0x00007fd9f111c000,0x00007fd9f141d000] byte_map_base: 0x00007fd9f0c1c000

Marking Bits: (ParMarkBitMap*) 0x00007fd9f411b3c0
 Begin Bits: [0x00007fd9d5000000, 0x00007fd9d6800000)
 End Bits:   [0x00007fd9d6800000, 0x00007fd9d8000000)

Polling page: 0x00007fd9f4f9c000

CodeCache: size=245760Kb used=3161Kb max_used=3170Kb free=242598Kb
 bounds [0x00007fd9dd000000, 0x00007fd9dd320000, 0x00007fd9ec000000]
 total_blobs=1243 nmethods=886 adapters=272
 compilation: enabled

Compilation events (10 events):
Event: 20,969 Thread 0x00007fd9ec140800 nmethod 887 0x00007fd9dd308f10 code [0x00007fd9dd309060, 0x00007fd9dd309170]
Event: 20,979 Thread 0x00007fd9ec140800  888       1       org.apache.logging.log4j.core.config.plugins.processor.PluginEntry::getClassName (5 bytes)
Event: 20,979 Thread 0x00007fd9ec140800 nmethod 888 0x00007fd9dd316190 code [0x00007fd9dd3162e0, 0x00007fd9dd3163f0]
Event: 20,980 Thread 0x00007fd9ec140800  889       1       org.apache.logging.log4j.core.config.plugins.processor.PluginEntry::getName (5 bytes)
Event: 20,980 Thread 0x00007fd9ec140800 nmethod 889 0x00007fd9dd315ed0 code [0x00007fd9dd316020, 0x00007fd9dd316130]
Event: 20,986 Thread 0x00007fd9ec13d800 nmethod 886 0x00007fd9dd317d90 code [0x00007fd9dd317fa0, 0x00007fd9dd318d70]
Event: 20,997 Thread 0x00007fd9ec13d800  890       4       java.lang.String::concat (47 bytes)
Event: 21,622 Thread 0x00007fd9ec13d800 nmethod 890 0x00007fd9dd314210 code [0x00007fd9dd314380, 0x00007fd9dd314738]
Event: 21,821 Thread 0x00007fd9ec13d800  891   !   4       java.util.zip.Inflater::inflate (113 bytes)
Event: 22,173 Thread 0x00007fd9ec13d800 nmethod 891 0x00007fd9dd3113d0 code [0x00007fd9dd311540, 0x00007fd9dd311a08]

GC Heap History (5 events):
Event: 3,529 GC heap before
{Heap before GC invocations=1 (full 0):
 PSYoungGen      total 18432K, used 15872K [0x00000000e0000000, 0x00000000e1480000, 0x0000000100000000)
  eden space 15872K, 100% used [0x00000000e0000000,0x00000000e0f80000,0x00000000e0f80000)
  from space 2560K, 0% used [0x00000000e1200000,0x00000000e1200000,0x00000000e1480000)
  to   space 2560K, 0% used [0x00000000e0f80000,0x00000000e0f80000,0x00000000e1200000)
 ParOldGen       total 42496K, used 0K [0x00000000a0000000, 0x00000000a2980000, 0x00000000e0000000)
  object space 42496K, 0% used [0x00000000a0000000,0x00000000a0000000,0x00000000a2980000)
 Metaspace       used 5753K, capacity 6840K, committed 6912K, reserved 1056768K
  class space    used 660K, capacity 724K, committed 768K, reserved 1048576K
Event: 3,685 GC heap after
Heap after GC invocations=1 (full 0):
 PSYoungGen      total 18432K, used 2549K [0x00000000e0000000, 0x00000000e2400000, 0x0000000100000000)
  eden space 15872K, 0% used [0x00000000e0000000,0x00000000e0000000,0x00000000e0f80000)
  from space 2560K, 99% used [0x00000000e0f80000,0x00000000e11fd6d0,0x00000000e1200000)
  to   space 2560K, 0% used [0x00000000e2180000,0x00000000e2180000,0x00000000e2400000)
 ParOldGen       total 42496K, used 891K [0x00000000a0000000, 0x00000000a2980000, 0x00000000e0000000)
  object space 42496K, 2% used [0x00000000a0000000,0x00000000a00def08,0x00000000a2980000)
 Metaspace       used 5753K, capacity 6840K, committed 6912K, reserved 1056768K
  class space    used 660K, capacity 724K, committed 768K, reserved 1048576K
}
Event: 11,416 GC heap before
{Heap before GC invocations=2 (full 0):
 PSYoungGen      total 18432K, used 18421K [0x00000000e0000000, 0x00000000e2400000, 0x0000000100000000)
  eden space 15872K, 100% used [0x00000000e0000000,0x00000000e0f80000,0x00000000e0f80000)
  from space 2560K, 99% used [0x00000000e0f80000,0x00000000e11fd6d0,0x00000000e1200000)
  to   space 2560K, 0% used [0x00000000e2180000,0x00000000e2180000,0x00000000e2400000)
 ParOldGen       total 42496K, used 891K [0x00000000a0000000, 0x00000000a2980000, 0x00000000e0000000)
  object space 42496K, 2% used [0x00000000a0000000,0x00000000a00def08,0x00000000a2980000)
 Metaspace       used 11782K, capacity 12112K, committed 12416K, reserved 1060864K
  class space    used 1474K, capacity 1593K, committed 1664K, reserved 1048576K
Event: 11,697 GC heap after
Heap after GC invocations=2 (full 0):
 PSYoungGen      total 34304K, used 2558K [0x00000000e0000000, 0x00000000e2400000, 0x0000000100000000)
  eden space 31744K, 0% used [0x00000000e0000000,0x00000000e0000000,0x00000000e1f00000)
  from space 2560K, 99% used [0x00000000e2180000,0x00000000e23ff9d8,0x00000000e2400000)
  to   space 2560K, 0% used [0x00000000e1f00000,0x00000000e1f00000,0x00000000e2180000)
 ParOldGen       total 42496K, used 3490K [0x00000000a0000000, 0x00000000a2980000, 0x00000000e0000000)
  object space 42496K, 8% used [0x00000000a0000000,0x00000000a0368880,0x00000000a2980000)
 Metaspace       used 11782K, capacity 12112K, committed 12416K, reserved 1060864K
  class space    used 1474K, capacity 1593K, committed 1664K, reserved 1048576K
}
Event: 22,268 GC heap before
{Heap before GC invocations=3 (full 0):
 PSYoungGen      total 34304K, used 34302K [0x00000000e0000000, 0x00000000e2400000, 0x0000000100000000)
  eden space 31744K, 100% used [0x00000000e0000000,0x00000000e1f00000,0x00000000e1f00000)
  from space 2560K, 99% used [0x00000000e2180000,0x00000000e23ff9d8,0x00000000e2400000)
  to   space 2560K, 0% used [0x00000000e1f00000,0x00000000e1f00000,0x00000000e2180000)
 ParOldGen       total 42496K, used 3490K [0x00000000a0000000, 0x00000000a2980000, 0x00000000e0000000)
  object space 42496K, 8% used [0x00000000a0000000,0x00000000a0368880,0x00000000a2980000)
 Metaspace       used 17075K, capacity 17680K, committed 17920K, reserved 1064960K
  class space    used 2346K, capacity 2487K, committed 2560K, reserved 1048576K

Deoptimization events (9 events):
Event: 2,189 Thread 0x00007fd9ec00b800 Uncommon trap: reason=unstable_if action=reinterpret pc=0x00007fd9dd153d04 method=java.lang.String.indexOf(II)I @ 49
Event: 12,128 Thread 0x00007fd9ec00b800 Uncommon trap: reason=bimorphic action=maybe_recompile pc=0x00007fd9dd20cb48 method=java.util.HashMap.getNode(ILjava/lang/Object;)Ljava/util/HashMap$Node; @ 126
Event: 12,133 Thread 0x00007fd9ec00b800 Uncommon trap: reason=bimorphic action=maybe_recompile pc=0x00007fd9dd20cb48 method=java.util.HashMap.getNode(ILjava/lang/Object;)Ljava/util/HashMap$Node; @ 126
Event: 12,139 Thread 0x00007fd9ec00b800 Uncommon trap: reason=bimorphic action=maybe_recompile pc=0x00007fd9dd20cb48 method=java.util.HashMap.getNode(ILjava/lang/Object;)Ljava/util/HashMap$Node; @ 126
Event: 12,144 Thread 0x00007fd9ec00b800 Uncommon trap: reason=bimorphic action=maybe_recompile pc=0x00007fd9dd20cb48 method=java.util.HashMap.getNode(ILjava/lang/Object;)Ljava/util/HashMap$Node; @ 126
Event: 12,151 Thread 0x00007fd9ec00b800 Uncommon trap: reason=bimorphic action=maybe_recompile pc=0x00007fd9dd20b0c8 method=java.util.HashMap.getNode(ILjava/lang/Object;)Ljava/util/HashMap$Node; @ 126
Event: 19,356 Thread 0x00007fd9ec00b800 Uncommon trap: reason=unstable_if action=reinterpret pc=0x00007fd9dd2b91e0 method=java.util.HashMap.getNode(ILjava/lang/Object;)Ljava/util/HashMap$Node; @ 116
Event: 20,100 Thread 0x00007fd9ec00b800 Uncommon trap: reason=unstable_if action=reinterpret pc=0x00007fd9dd29f468 method=java.util.HashMap.getNode(ILjava/lang/Object;)Ljava/util/HashMap$Node; @ 116
Event: 20,118 Thread 0x00007fd9ec00b800 Uncommon trap: reason=unstable_if action=reinterpret pc=0x00007fd9dd273030 method=java.lang.String.startsWith(Ljava/lang/String;I)Z @ 25

Classes redefined (0 events):
No events

Internal exceptions (10 events):
Event: 13,407 Thread 0x00007fd9ec00b800 Exception <a 'java/lang/NoSuchMethodError': java.lang.Object.$anonfun$contains$1$adapted(Ljava/lang/Object;Ljava/lang/Object;)Ljava/lang/Object;> (0x00000000e05ae9b0) thrown at [/build/openjdk-8-fPix8r/openjdk-8-8u212-b03/src/hotspot/src/share/vm/interpre
Event: 13,579 Thread 0x00007fd9ec00b800 Exception <a 'java/lang/NoSuchMethodError': java.lang.Object.$anonfun$fn$1(Lsbt/internal/util/$tilde$greater;Ljava/lang/Object;)Ljava/lang/Object;> (0x00000000e06400a0) thrown at [/build/openjdk-8-fPix8r/openjdk-8-8u212-b03/src/hotspot/src/share/vm/interp
Event: 13,584 Thread 0x00007fd9ec00b800 Exception <a 'java/lang/NoSuchMethodError': java.lang.Object.$anonfun$Digit$1$adapted(Ljava/lang/Object;)Ljava/lang/Object;> (0x00000000e06446c8) thrown at [/build/openjdk-8-fPix8r/openjdk-8-8u212-b03/src/hotspot/src/share/vm/interpreter/linkResolver.cpp,
Event: 13,832 Thread 0x00007fd9ec00b800 Exception <a 'java/lang/NoSuchMethodError': java.lang.Object.$anonfun$NatBasic$1$adapted(Lscala/collection/Seq;)Ljava/lang/Object;> (0x00000000e06d3a98) thrown at [/build/openjdk-8-fPix8r/openjdk-8-8u212-b03/src/hotspot/src/share/vm/interpreter/linkResolv
Event: 13,842 Thread 0x00007fd9ec00b800 Exception <a 'java/lang/NoSuchMethodError': java.lang.Object.$anonfun$mapOrFail$1(Lscala/Function1;Ljava/lang/Object;)Lsbt/internal/util/complete/Parser;> (0x00000000e06d8100) thrown at [/build/openjdk-8-fPix8r/openjdk-8-8u212-b03/src/hotspot/src/share/vm
Event: 13,961 Thread 0x00007fd9ec00b800 Exception <a 'java/lang/NoSuchMethodError': java.lang.Object.$anonfun$any$1$adapted(Ljava/lang/Object;)Ljava/lang/Object;> (0x00000000e076e298) thrown at [/build/openjdk-8-fPix8r/openjdk-8-8u212-b03/src/hotspot/src/share/vm/interpreter/linkResolver.cpp, l
Event: 20,104 Thread 0x00007fd9ec00b800 Exception <a 'java/lang/NoSuchMethodError': java.lang.Object.$anonfun$releaseVersion$1$adapted(Ljava/lang/String;)Ljava/lang/Object;> (0x00000000e136f400) thrown at [/build/openjdk-8-fPix8r/openjdk-8-8u212-b03/src/hotspot/src/share/vm/interpreter/linkReso
Event: 20,115 Thread 0x00007fd9ec00b800 Exception <a 'java/lang/NoSuchMethodError': java.lang.Object.$anonfun$releaseVersion$2(Ljava/lang/String;)Ljava/lang/String;> (0x00000000e1377ba0) thrown at [/build/openjdk-8-fPix8r/openjdk-8-8u212-b03/src/hotspot/src/share/vm/interpreter/linkResolver.cpp
Event: 20,119 Thread 0x00007fd9ec00b800 Exception <a 'java/lang/NoSuchMethodError': java.lang.Object.$anonfun$developmentVersion$1$adapted(Ljava/lang/String;)Ljava/lang/Object;> (0x00000000e137bc88) thrown at [/build/openjdk-8-fPix8r/openjdk-8-8u212-b03/src/hotspot/src/share/vm/interpreter/link
Event: 20,123 Thread 0x00007fd9ec00b800 Exception <a 'java/lang/NoSuchMethodError': java.lang.Object.$anonfun$developmentVersion$2(Lscala/util/PropertiesTrait;Ljava/lang/String;)Lscala/Option;> (0x00000000e137f9a0) thrown at [/build/openjdk-8-fPix8r/openjdk-8-8u212-b03/src/hotspot/src/share/vm/

Events (10 events):
Event: 22,243 loading class sun/util/locale/provider/AvailableLanguageTags
Event: 22,243 loading class sun/util/locale/provider/AvailableLanguageTags done
Event: 22,243 loading class sun/util/locale/provider/DecimalFormatSymbolsProviderImpl done
Event: 22,243 loading class sun/util/locale/provider/LocaleDataMetaInfo
Event: 22,245 loading class sun/util/locale/provider/LocaleDataMetaInfo done
Event: 22,252 loading class sun/util/locale/provider/JRELocaleProviderAdapter$1
Event: 22,252 loading class sun/util/locale/provider/JRELocaleProviderAdapter$1 done
Event: 22,255 loading class sun/util/locale/LanguageTag
Event: 22,259 loading class sun/util/locale/LanguageTag done
Event: 22,266 Executing VM operation: ParallelGCFailedAllocation


Dynamic libraries:
a0000000-a2980000 rw-p 00000000 00:00 0 
a2980000-e0000000 ---p 00000000 00:00 0 
e0000000-e2400000 rw-p 00000000 00:00 0 
e4300000-100000000 ---p 00000000 00:00 0 
100000000-100280000 rw-p 00000000 00:00 0 
100280000-140000000 ---p 00000000 00:00 0 
560263196000-560263197000 r-xp 00000000 08:01 406189                     /usr/lib/jvm/java-8-openjdk-amd64/jre/bin/java
560263396000-560263397000 r--p 00000000 08:01 406189                     /usr/lib/jvm/java-8-openjdk-amd64/jre/bin/java
560263397000-560263398000 rw-p 00001000 08:01 406189                     /usr/lib/jvm/java-8-openjdk-amd64/jre/bin/java
5602634d1000-5602634f2000 rw-p 00000000 00:00 0                          [heap]
7fd9ac000000-7fd9ac021000 rw-p 00000000 00:00 0 
7fd9ac021000-7fd9b0000000 ---p 00000000 00:00 0 
7fd9b03ce000-7fd9b04ce000 rw-p 00000000 00:00 0 
7fd9b04ce000-7fd9b05ce000 ---p 00000000 00:00 0 
7fd9b05ce000-7fd9b05d7000 r-xp 00000000 08:01 406222                     /usr/lib/jvm/java-8-openjdk-amd64/jre/lib/amd64/libmanagement.so
7fd9b05d7000-7fd9b07d6000 ---p 00009000 08:01 406222                     /usr/lib/jvm/java-8-openjdk-amd64/jre/lib/amd64/libmanagement.so
7fd9b07d6000-7fd9b07d7000 r--p 00008000 08:01 406222                     /usr/lib/jvm/java-8-openjdk-amd64/jre/lib/amd64/libmanagement.so
7fd9b07d7000-7fd9b07d8000 rw-p 00009000 08:01 406222                     /usr/lib/jvm/java-8-openjdk-amd64/jre/lib/amd64/libmanagement.so
7fd9b07d8000-7fd9b07ed000 r--s 00103000 08:01 1588793                    /home/dsc/.sbt/boot/scala-2.12.7/org.scala-sbt/sbt/1.2.8/ivy-2.3.0-sbt-cb9cc189e9f3af519f9f102e6c5d446488ff6832.jar
7fd9b07ed000-7fd9b09ed000 rw-p 00000000 00:00 0 
7fd9b09ed000-7fd9b0bed000 rw-p 00000000 00:00 0 
7fd9b0bed000-7fd9b0ded000 rw-p 00000000 00:00 0 
7fd9b0ded000-7fd9b0dfe000 r-xp 00000000 08:01 406225                     /usr/lib/jvm/java-8-openjdk-amd64/jre/lib/amd64/libnio.so
7fd9b0dfe000-7fd9b0ffd000 ---p 00011000 08:01 406225                     /usr/lib/jvm/java-8-openjdk-amd64/jre/lib/amd64/libnio.so
7fd9b0ffd000-7fd9b0ffe000 r--p 00010000 08:01 406225                     /usr/lib/jvm/java-8-openjdk-amd64/jre/lib/amd64/libnio.so
7fd9b0ffe000-7fd9b0fff000 rw-p 00011000 08:01 406225                     /usr/lib/jvm/java-8-openjdk-amd64/jre/lib/amd64/libnio.so
7fd9b0fff000-7fd9b4000000 rw-p 00000000 00:00 0 
7fd9b4000000-7fd9b4021000 rw-p 00000000 00:00 0 
7fd9b4021000-7fd9b8000000 ---p 00000000 00:00 0 
7fd9b8000000-7fd9b81df000 rw-p 00000000 00:00 0 
7fd9b81df000-7fd9bc000000 ---p 00000000 00:00 0 
7fd9bc000000-7fd9bc021000 rw-p 00000000 00:00 0 
7fd9bc021000-7fd9c0000000 ---p 00000000 00:00 0 
7fd9c0000000-7fd9c021c000 rw-p 00000000 00:00 0 
7fd9c021c000-7fd9c4000000 ---p 00000000 00:00 0 
7fd9c4000000-7fd9c4021000 rw-p 00000000 00:00 0 
7fd9c4021000-7fd9c8000000 ---p 00000000 00:00 0 
7fd9c8000000-7fd9c8021000 rw-p 00000000 00:00 0 
7fd9c8021000-7fd9cc000000 ---p 00000000 00:00 0 
7fd9cc000000-7fd9cc021000 rw-p 00000000 00:00 0 
7fd9cc021000-7fd9d0000000 ---p 00000000 00:00 0 
7fd9d0000000-7fd9d0021000 rw-p 00000000 00:00 0 
7fd9d0021000-7fd9d4000000 ---p 00000000 00:00 0 
7fd9d4009000-7fd9d400b000 r--s 00012000 08:01 1588828                    /home/dsc/.sbt/boot/scala-2.12.7/org.scala-sbt/sbt/1.2.8/okio-1.12.0.jar
7fd9d400b000-7fd9d400d000 r--s 00011000 08:01 1588791                    /home/dsc/.sbt/boot/scala-2.12.7/org.scala-sbt/sbt/1.2.8/zinc-classpath_2.12-1.2.5.jar
7fd9d400d000-7fd9d400e000 r--s 0000b000 08:01 1588800                    /home/dsc/.sbt/boot/scala-2.12.7/org.scala-sbt/sbt/1.2.8/zinc-ivy-integration_2.12-1.2.5.jar
7fd9d400e000-7fd9d4010000 r--s 00007000 08:01 1588815                    /home/dsc/.sbt/boot/scala-2.12.7/org.scala-sbt/sbt/1.2.8/lenses_2.12-0.4.12.jar
7fd9d4010000-7fd9d4033000 r--s 00350000 08:01 1588767                    /home/dsc/.sbt/boot/scala-2.12.7/org.scala-sbt/sbt/1.2.8/scala-reflect-2.12.7.jar
7fd9d4033000-7fd9d4037000 r--s 00038000 08:01 1588756                    /home/dsc/.sbt/boot/scala-2.12.7/org.scala-sbt/sbt/1.2.8/ssl-config-core_2.12-0.2.2.jar
7fd9d4037000-7fd9d4038000 r--s 00006000 08:01 1588790                    /home/dsc/.sbt/boot/scala-2.12.7/org.scala-sbt/sbt/1.2.8/util-position_2.12-1.2.4.jar
7fd9d4038000-7fd9d403a000 r--s 0000f000 08:01 1588765                    /home/dsc/.sbt/boot/scala-2.12.7/org.scala-sbt/sbt/1.2.8/util-scripted_2.12-1.2.4.jar
7fd9d403a000-7fd9d403b000 r--s 00005000 08:01 1588782                    /home/dsc/.sbt/boot/scala-2.12.7/org.scala-sbt/sbt/1.2.8/apple-file-events-1.3.2.jar
7fd9d403b000-7fd9d403f000 r--s 00047000 08:01 1588826                    /home/dsc/.sbt/boot/scala-2.12.7/org.scala-sbt/sbt/1.2.8/fastparse_2.12-0.4.2.jar
7fd9d403f000-7fd9d4040000 r--s 00005000 08:01 1588806                    /home/dsc/.sbt/boot/scala-2.12.7/org.scala-sbt/sbt/1.2.8/test-agent-1.2.8.jar
7fd9d4040000-7fd9d4044000 r--s 0003e000 08:01 1588807                    /home/dsc/.sbt/boot/scala-2.12.7/org.scala-sbt/sbt/1.2.8/jline-2.14.6.jar
7fd9d4044000-7fd9d4045000 r--s 00003000 08:01 1588810                    /home/dsc/.sbt/boot/scala-2.12.7/org.scala-sbt/sbt/1.2.8/zinc-compile_2.12-1.2.5.jar
7fd9d4045000-7fd9d4046000 r--s 00003000 08:01 1588754                    /home/dsc/.sbt/boot/scala-2.12.7/org.scala-sbt/sbt/1.2.8/util-relation_2.12-1.2.4.jar
7fd9d4046000-7fd9d4047000 r--s 00011000 08:01 1588758                    /home/dsc/.sbt/boot/scala-2.12.7/org.scala-sbt/sbt/1.2.8/run_2.12-1.2.8.jar
7fd9d4047000-7fd9d404a000 r--s 0002e000 08:01 1588785                    /home/dsc/.sbt/boot/scala-2.12.7/org.scala-sbt/sbt/1.2.8/testing_2.12-1.2.8.jar
7fd9d404a000-7fd9d404c000 r--s 00008000 08:01 1588776                    /home/dsc/.sbt/boot/scala-2.12.7/org.scala-sbt/sbt/1.2.8/sjson-new-scalajson_2.12-0.8.2.jar
7fd9d404c000-7fd9d404f000 r--s 0003a000 08:01 1588760                    /home/dsc/.sbt/boot/scala-2.12.7/org.scala-sbt/sbt/1.2.8/util-logging_2.12-1.2.4.jar
7fd9d404f000-7fd9d405c000 r--s 001b1000 08:01 1588801                    /home/dsc/.sbt/boot/scala-2.12.7/org.scala-sbt/sbt/1.2.8/zinc-persist_2.12-1.2.5.jar
7fd9d405c000-7fd9d405e000 r--s 0000e000 08:01 1588829                    /home/dsc/.sbt/boot/scala-2.12.7/org.scala-sbt/sbt/1.2.8/fastparse-utils_2.12-0.4.2.jar
7fd9d405e000-7fd9d4074000 r--s 000e0000 08:01 1588777                    /home/dsc/.sbt/boot/scala-2.12.7/org.scala-sbt/sbt/1.2.8/caffeine-2.5.6.jar
7fd9d4074000-7fd9d4081000 r--s 001a6000 08:01 1588809                    /home/dsc/.sbt/boot/scala-2.12.7/org.scala-sbt/sbt/1.2.8/scalapb-runtime_2.12-0.6.0.jar
7fd9d4081000-7fd9d4083000 r--s 00004000 08:01 1588812                    /home/dsc/.sbt/boot/scala-2.12.7/org.scala-sbt/sbt/1.2.8/ipcsocket-1.0.0.jar
7fd9d4083000-7fd9d4087000 r--s 00052000 08:01 1588804                    /home/dsc/.sbt/boot/scala-2.12.7/org.scala-sbt/sbt/1.2.8/zinc-core_2.12-1.2.5.jar
7fd9d4087000-7fd9d4089000 r--s 00024000 08:01 1588787                    /home/dsc/.sbt/boot/scala-2.12.7/org.scala-sbt/sbt/1.2.8/zinc-apiinfo_2.12-1.2.5.jar
7fd9d4089000-7fd9d408c000 r--s 0003d000 08:01 1588770                    /home/dsc/.sbt/boot/scala-2.12.7/org.scala-sbt/sbt/1.2.8/completion_2.12-1.2.8.jar
7fd9d408c000-7fd9d408d000 r--s 00000000 08:01 1588817                    /home/dsc/.sbt/boot/scala-2.12.7/org.scala-sbt/sbt/1.2.8/scripted-plugin_2.12-1.2.8.jar
7fd9d408d000-7fd9d4090000 r--s 00026000 08:01 1588819                    /home/dsc/.sbt/boot/scala-2.12.7/org.scala-sbt/sbt/1.2.8/gigahorse-core_2.12-0.3.0.jar
7fd9d4090000-7fd9d409f000 r--s 0013d000 08:01 1588751                    /home/dsc/.sbt/boot/scala-2.12.7/org.scala-sbt/sbt/1.2.8/protobuf-java-3.3.1.jar
7fd9d409f000-7fd9d40a4000 r--s 00040000 08:01 1588792                    /home/dsc/.sbt/boot/scala-2.12.7/org.scala-sbt/sbt/1.2.8/jsch-0.1.54.jar
7fd9d40a4000-7fd9d40a8000 r--s 00030000 08:01 1588795                    /home/dsc/.sbt/boot/scala-2.12.7/org.scala-sbt/sbt/1.2.8/scala-parser-combinators_2.12-1.0.5.jar
7fd9d40a8000-7fd9d40ab000 r--s 0002a000 08:01 1588805                    /home/dsc/.sbt/boot/scala-2.12.7/org.scala-sbt/sbt/1.2.8/sbinary_2.12-0.5.0.jar
7fd9d40ab000-7fd9d40af000 r--s 0015c000 08:01 1588808                    /home/dsc/.sbt/boot/scala-2.12.7/org.scala-sbt/sbt/1.2.8/jna-4.5.0.jar
7fd9d40af000-7fd9d40b1000 r--s 00002000 08:01 1588772                    /home/dsc/.sbt/boot/scala-2.12.7/org.scala-sbt/sbt/1.2.8/util-control_2.12-1.2.4.jar
7fd9d40b1000-7fd9d40b7000 r--s 0005b000 08:01 1588797                    /home/dsc/.sbt/boot/scala-2.12.7/org.scala-sbt/sbt/1.2.8/okhttp-3.7.0.jar
7fd9d40b7000-7fd9d40b8000 r--s 0000c000 08:01 1588755                    /home/dsc/.sbt/boot/scala-2.12.7/org.scala-sbt/sbt/1.2.8/zinc-classfile_2.12-1.2.5.jar
7fd9d40b8000-7fd9d40b9000 r--s 00009000 08:01 1588752                    /home/dsc/.sbt/boot/scala-2.12.7/org.scala-sbt/sbt/1.2.8/gigahorse-okhttp_2.12-0.3.0.jar
7fd9d40b9000-7fd9d40be000 r--s 00063000 08:01 1588823                    /home/dsc/.sbt/boot/scala-2.12.7/org.scala-sbt/sbt/1.2.8/protocol_2.12-1.2.8.jar
7fd9d40be000-7fd9d40c0000 r--s 00031000 08:01 1588821                    /home/dsc/.sbt/boot/scala-2.12.7/org.scala-sbt/sbt/1.2.8/actions_2.12-1.2.8.jar
7fd9d40c0000-7fd9d40c2000 r--s 0000f000 08:01 1588822                    /home/dsc/.sbt/boot/scala-2.12.7/org.scala-sbt/sbt/1.2.8/shaded-scalajson_2.12-1.0.0-M4.jar
7fd9d40c2000-7fd9d40cc000 r--s 000b6000 08:01 1588825                    /home/dsc/.sbt/boot/scala-2.12.7/org.scala-sbt/sbt/1.2.8/librarymanagement-core_2.12-1.2.4.jar
7fd9d40cc000-7fd9d40e6000 r--s 0021e000 08:01 1588759                    /home/dsc/.sbt/boot/scala-2.12.7/org.scala-sbt/sbt/1.2.8/jna-platform-4.5.0.jar
7fd9d40e6000-7fd9d40e7000 r--s 00001000 08:01 1588788                    /home/dsc/.sbt/boot/scala-2.12.7/org.scala-sbt/sbt/1.2.8/sjson-new-murmurhash_2.12-0.8.2.jar
7fd9d40e7000-7fd9d40ed000 r--s 0003b000 08:01 1588813                    /home/dsc/.sbt/boot/scala-2.12.7/org.scala-sbt/sbt/1.2.8/log4j-api-2.11.1.jar
7fd9d40ed000-7fd9d410e000 r--s 00168000 08:01 1588763                    /home/dsc/.sbt/boot/scala-2.12.7/org.scala-sbt/sbt/1.2.8/log4j-core-2.11.1.jar
7fd9d410e000-7fd9d4110000 r--s 00012000 08:01 1588796                    /home/dsc/.sbt/boot/scala-2.12.7/org.scala-sbt/sbt/1.2.8/core-macros_2.12-1.2.8.jar
7fd9d4110000-7fd9d4112000 r--s 00009000 08:01 1588824                    /home/dsc/.sbt/boot/scala-2.12.7/org.scala-sbt/sbt/1.2.8/slf4j-api-1.7.25.jar
7fd9d4112000-7fd9d4113000 r--s 00007000 08:01 1588811                    /home/dsc/.sbt/boot/scala-2.12.7/org.scala-sbt/sbt/1.2.8/okhttp-urlconnection-3.7.0.jar
7fd9d4113000-7fd9d4117000 r--s 0004c000 08:01 1588762                    /home/dsc/.sbt/boot/scala-2.12.7/org.scala-sbt/sbt/1.2.8/collections_2.12-1.2.8.jar
7fd9d4117000-7fd9d4119000 r--s 00012000 08:01 1588794                    /home/dsc/.sbt/boot/scala-2.12.7/org.scala-sbt/sbt/1.2.8/tasks_2.12-1.2.8.jar
7fd9d4119000-7fd9d4124000 r--s 001c3000 08:01 1588774                    /home/dsc/.sbt/boot/scala-2.12.7/org.scala-sbt/sbt/1.2.8/main_2.12-1.2.8.jar
7fd9d4124000-7fd9d4127000 r--s 00044000 08:01 1588786                    /home/dsc/.sbt/boot/scala-2.12.7/org.scala-sbt/sbt/1.2.8/command_2.12-1.2.8.jar
7fd9d4127000-7fd9d4128000 r--s 0000f000 08:01 1588783                    /home/dsc/.sbt/boot/scala-2.12.7/org.scala-sbt/sbt/1.2.8/sbt-1.2.8.jar
7fd9d4128000-7fd9d412a000 r--s 00010000 08:01 1588775                    /home/dsc/.sbt/boot/scala-2.12.7/org.scala-sbt/sbt/1.2.8/scripted-sbt-redux_2.12-1.2.8.jar
7fd9d412a000-7fd9d412c000 r--s 0000b000 08:01 1588764                    /home/dsc/.sbt/boot/scala-2.12.7/org.scala-sbt/sbt/1.2.8/logic_2.12-1.2.8.jar
7fd9d412c000-7fd9d412d000 r--s 00000000 08:01 1588798                    /home/dsc/.sbt/boot/scala-2.12.7/org.scala-sbt/sbt/1.2.8/reactive-streams-1.0.0.jar
7fd9d412d000-7fd9d4130000 r--s 00034000 08:01 1588799                    /home/dsc/.sbt/boot/scala-2.12.7/org.scala-sbt/sbt/1.2.8/zinc-compile-core_2.12-1.2.5.jar
7fd9d4130000-7fd9d4133000 r--s 00031000 08:01 1588750                    /home/dsc/.sbt/boot/scala-2.12.7/org.scala-sbt/sbt/1.2.8/compiler-bridge_2.12-1.2.5.jar
7fd9d4133000-7fd9d4135000 r--s 00002000 08:01 1588818                    /home/dsc/.sbt/boot/scala-2.12.7/org.scala-sbt/sbt/1.2.8/test-interface-1.0.jar
7fd9d4135000-7fd9d4136000 r--s 00000000 08:01 1588814                    /home/dsc/.sbt/boot/scala-2.12.7/org.scala-sbt/sbt/1.2.8/util-interface-1.2.4.jar
7fd9d4136000-7fd9d4138000 r--s 0000e000 08:01 1588781                    /home/dsc/.sbt/boot/scala-2.12.7/org.scala-sbt/sbt/1.2.8/zinc_2.12-1.2.5.jar
7fd9d4138000-7fd9d413a000 r--s 0002f000 08:01 1588779                    /home/dsc/.sbt/boot/scala-2.12.7/org.scala-sbt/sbt/1.2.8/util-cache_2.12-1.2.4.jar
7fd9d413a000-7fd9d4141000 r--s 00091000 08:01 1588773                    /home/dsc/.sbt/boot/scala-2.12.7/org.scala-sbt/sbt/1.2.8/main-settings_2.12-1.2.8.jar
7fd9d4141000-7fd9d4142000 r--s 00002000 08:01 1588757                    /home/dsc/.sbt/boot/scala-2.12.7/org.scala-sbt/sbt/1.2.8/launcher-interface-1.0.4.jar
7fd9d4142000-7fd9d4145000 r--s 0001c000 08:01 1588802                    /home/dsc/.sbt/boot/scala-2.12.7/org.scala-sbt/sbt/1.2.8/scalacache-core_2.12-0.20.0.jar
7fd9d4145000-7fd9d4146000 r--s 00000000 08:01 1588789                    /home/dsc/.sbt/boot/scala-2.12.7/org.scala-sbt/sbt/1.2.8/template-resolver-0.1.jar
7fd9d4146000-7fd9d414a000 r--s 00013000 08:01 1588771                    /home/dsc/.sbt/boot/scala-2.12.7/org.scala-sbt/sbt/1.2.8/compiler-interface-1.2.5.jar
7fd9d414a000-7fd9d414c000 r--s 00011000 08:01 1588778                    /home/dsc/.sbt/boot/scala-2.12.7/org.scala-sbt/sbt/1.2.8/jawn-parser_2.12-0.10.4.jar
7fd9d414c000-7fd9d414e000 r--s 00019000 08:01 1588780                    /home/dsc/.sbt/boot/scala-2.12.7/org.scala-sbt/sbt/1.2.8/task-system_2.12-1.2.8.jar
7fd9d414e000-7fd9d4150000 r--s 00007000 08:01 1588803                    /home/dsc/.sbt/boot/scala-2.12.7/org.scala-sbt/sbt/1.2.8/util-tracking_2.12-1.2.4.jar
7fd9d4150000-7fd9d4155000 r--s 00095000 08:01 1588766                    /home/dsc/.sbt/boot/scala-2.12.7/org.scala-sbt/sbt/1.2.8/librarymanagement-ivy_2.12-1.2.4.jar
7fd9d4155000-7fd9d41a4000 r--s 009b0000 08:01 1588833                    /home/dsc/.sbt/boot/scala-2.12.7/lib/scala-compiler.jar
7fd9d41a4000-7fd9d41ba000 r-xp 00000000 08:01 406224                     /usr/lib/jvm/java-8-openjdk-amd64/jre/lib/amd64/libnet.so
7fd9d41ba000-7fd9d43b9000 ---p 00016000 08:01 406224                     /usr/lib/jvm/java-8-openjdk-amd64/jre/lib/amd64/libnet.so
7fd9d43b9000-7fd9d43ba000 r--p 00015000 08:01 406224                     /usr/lib/jvm/java-8-openjdk-amd64/jre/lib/amd64/libnet.so
7fd9d43ba000-7fd9d43bb000 rw-p 00016000 08:01 406224                     /usr/lib/jvm/java-8-openjdk-amd64/jre/lib/amd64/libnet.so
7fd9d43bb000-7fd9d43bc000 ---p 00000000 00:00 0 
7fd9d43bc000-7fd9d44bc000 rw-p 00000000 00:00 0 
7fd9d44bc000-7fd9d44bf000 ---p 00000000 00:00 0 
7fd9d44bf000-7fd9d45bd000 rw-p 00000000 00:00 0 
7fd9d45bd000-7fd9d5000000 r--p 00000000 08:01 399858                     /usr/lib/locale/locale-archive
7fd9d5000000-7fd9d8000000 rw-p 00000000 00:00 0 
7fd9d8000000-7fd9d8021000 rw-p 00000000 00:00 0 
7fd9d8021000-7fd9dc000000 ---p 00000000 00:00 0 
7fd9dc000000-7fd9dc023000 r--s 00350000 08:01 1588832                    /home/dsc/.sbt/boot/scala-2.12.7/lib/scala-reflect.jar
7fd9dc023000-7fd9dc024000 ---p 00000000 00:00 0 
7fd9dc024000-7fd9dc027000 ---p 00000000 00:00 0 
7fd9dc027000-7fd9dc124000 rw-p 00000000 00:00 0 
7fd9dc124000-7fd9dc125000 ---p 00000000 00:00 0 
7fd9dc125000-7fd9dc128000 ---p 00000000 00:00 0 
7fd9dc128000-7fd9dc225000 rw-p 00000000 00:00 0 
7fd9dc225000-7fd9dc228000 ---p 00000000 00:00 0 
7fd9dc228000-7fd9dc326000 rw-p 00000000 00:00 0 
7fd9dc326000-7fd9dc329000 ---p 00000000 00:00 0 
7fd9dc329000-7fd9dc427000 rw-p 00000000 00:00 0 
7fd9dc427000-7fd9dc42a000 ---p 00000000 00:00 0 
7fd9dc42a000-7fd9dc528000 rw-p 00000000 00:00 0 
7fd9dc528000-7fd9dc529000 ---p 00000000 00:00 0 
7fd9dc529000-7fd9dce31000 rw-p 00000000 00:00 0 
7fd9dce31000-7fd9dd000000 r--s 03c3b000 08:01 406269                     /usr/lib/jvm/java-8-openjdk-amd64/jre/lib/rt.jar
7fd9dd000000-7fd9dd320000 rwxp 00000000 00:00 0 
7fd9dd320000-7fd9ec000000 ---p 00000000 00:00 0 
7fd9ec000000-7fd9ee13b000 rw-p 00000000 00:00 0 
7fd9ee13b000-7fd9f0000000 ---p 00000000 00:00 0 
7fd9f0000000-7fd9f0001000 r--s 00005000 08:01 1588784                    /home/dsc/.sbt/boot/scala-2.12.7/org.scala-sbt/sbt/1.2.8/log4j-slf4j-impl-2.11.1.jar
7fd9f0001000-7fd9f0007000 r--s 000bb000 08:01 1588827                    /home/dsc/.sbt/boot/scala-2.12.7/org.scala-sbt/sbt/1.2.8/sjson-new-core_2.12-0.8.2.jar
7fd9f0007000-7fd9f000a000 r--s 00012000 08:01 1588816                    /home/dsc/.sbt/boot/scala-2.12.7/org.scala-sbt/sbt/1.2.8/disruptor-3.4.2.jar
7fd9f000a000-7fd9f0010000 r--s 00080000 08:01 1588753                    /home/dsc/.sbt/boot/scala-2.12.7/org.scala-sbt/sbt/1.2.8/scala-xml_2.12-1.0.6.jar
7fd9f0010000-7fd9f0015000 r--s 00031000 08:01 1588820                    /home/dsc/.sbt/boot/scala-2.12.7/org.scala-sbt/sbt/1.2.8/config-1.2.0.jar
7fd9f0015000-7fd9f0019000 r--s 00049000 08:01 1588769                    /home/dsc/.sbt/boot/scala-2.12.7/org.scala-sbt/sbt/1.2.8/io_2.12-1.2.2.jar
7fd9f0019000-7fd9f0050000 r--s 004d2000 08:01 1588834                    /home/dsc/.sbt/boot/scala-2.12.7/lib/scala-library.jar
7fd9f0050000-7fd9f006d000 r--s 0011a000 08:01 1314879                    /home/dsc/.IntelliJIdea2019.1/config/plugins/Scala/launcher/sbt-launch.jar
7fd9f006d000-7fd9f0088000 r--s 001d6000 08:01 406248                     /usr/lib/jvm/java-8-openjdk-amd64/jre/lib/ext/nashorn.jar
7fd9f0088000-7fd9f00a3000 r--s 00394000 08:01 406243                     /usr/lib/jvm/java-8-openjdk-amd64/jre/lib/ext/cldrdata.jar
7fd9f00a3000-7fd9f0d1a000 rw-p 00000000 00:00 0 
7fd9f0d1a000-7fd9f0d1b000 ---p 00000000 00:00 0 
7fd9f0d1b000-7fd9f0e1b000 rw-p 00000000 00:00 0 
7fd9f0e1b000-7fd9f0e1c000 ---p 00000000 00:00 0 
7fd9f0e1c000-7fd9f0f31000 rw-p 00000000 00:00 0 
7fd9f0f31000-7fd9f111c000 ---p 00000000 00:00 0 
7fd9f111c000-7fd9f1131000 rw-p 00000000 00:00 0 
7fd9f1131000-7fd9f131c000 ---p 00000000 00:00 0 
7fd9f131c000-7fd9f132e000 rw-p 00000000 00:00 0 
7fd9f132e000-7fd9f141c000 ---p 00000000 00:00 0 
7fd9f141c000-7fd9f142a000 rw-p 00000000 00:00 0 
7fd9f142a000-7fd9f17dd000 ---p 00000000 00:00 0 
7fd9f17dd000-7fd9f17e5000 r-xp 00000000 08:01 406232                     /usr/lib/jvm/java-8-openjdk-amd64/jre/lib/amd64/libzip.so
7fd9f17e5000-7fd9f19e4000 ---p 00008000 08:01 406232                     /usr/lib/jvm/java-8-openjdk-amd64/jre/lib/amd64/libzip.so
7fd9f19e4000-7fd9f19e5000 r--p 00007000 08:01 406232                     /usr/lib/jvm/java-8-openjdk-amd64/jre/lib/amd64/libzip.so
7fd9f19e5000-7fd9f19e6000 rw-p 00008000 08:01 406232                     /usr/lib/jvm/java-8-openjdk-amd64/jre/lib/amd64/libzip.so
7fd9f19e6000-7fd9f19f1000 r-xp 00000000 08:01 5640935                    /lib/x86_64-linux-gnu/libnss_files-2.27.so
7fd9f19f1000-7fd9f1bf0000 ---p 0000b000 08:01 5640935                    /lib/x86_64-linux-gnu/libnss_files-2.27.so
7fd9f1bf0000-7fd9f1bf1000 r--p 0000a000 08:01 5640935                    /lib/x86_64-linux-gnu/libnss_files-2.27.so
7fd9f1bf1000-7fd9f1bf2000 rw-p 0000b000 08:01 5640935                    /lib/x86_64-linux-gnu/libnss_files-2.27.so
7fd9f1bf2000-7fd9f1bf8000 rw-p 00000000 00:00 0 
7fd9f1bf8000-7fd9f1c0f000 r-xp 00000000 08:01 5640929                    /lib/x86_64-linux-gnu/libnsl-2.27.so
7fd9f1c0f000-7fd9f1e0e000 ---p 00017000 08:01 5640929                    /lib/x86_64-linux-gnu/libnsl-2.27.so
7fd9f1e0e000-7fd9f1e0f000 r--p 00016000 08:01 5640929                    /lib/x86_64-linux-gnu/libnsl-2.27.so
7fd9f1e0f000-7fd9f1e10000 rw-p 00017000 08:01 5640929                    /lib/x86_64-linux-gnu/libnsl-2.27.so
7fd9f1e10000-7fd9f1e12000 rw-p 00000000 00:00 0 
7fd9f1e12000-7fd9f1e1d000 r-xp 00000000 08:01 5640945                    /lib/x86_64-linux-gnu/libnss_nis-2.27.so
7fd9f1e1d000-7fd9f201c000 ---p 0000b000 08:01 5640945                    /lib/x86_64-linux-gnu/libnss_nis-2.27.so
7fd9f201c000-7fd9f201d000 r--p 0000a000 08:01 5640945                    /lib/x86_64-linux-gnu/libnss_nis-2.27.so
7fd9f201d000-7fd9f201e000 rw-p 0000b000 08:01 5640945                    /lib/x86_64-linux-gnu/libnss_nis-2.27.so
7fd9f201e000-7fd9f2026000 r-xp 00000000 08:01 5640931                    /lib/x86_64-linux-gnu/libnss_compat-2.27.so
7fd9f2026000-7fd9f2226000 ---p 00008000 08:01 5640931                    /lib/x86_64-linux-gnu/libnss_compat-2.27.so
7fd9f2226000-7fd9f2227000 r--p 00008000 08:01 5640931                    /lib/x86_64-linux-gnu/libnss_compat-2.27.so
7fd9f2227000-7fd9f2228000 rw-p 00009000 08:01 5640931                    /lib/x86_64-linux-gnu/libnss_compat-2.27.so
7fd9f2228000-7fd9f2254000 r-xp 00000000 08:01 406213                     /usr/lib/jvm/java-8-openjdk-amd64/jre/lib/amd64/libjava.so
7fd9f2254000-7fd9f2453000 ---p 0002c000 08:01 406213                     /usr/lib/jvm/java-8-openjdk-amd64/jre/lib/amd64/libjava.so
7fd9f2453000-7fd9f2454000 r--p 0002b000 08:01 406213                     /usr/lib/jvm/java-8-openjdk-amd64/jre/lib/amd64/libjava.so
7fd9f2454000-7fd9f2456000 rw-p 0002c000 08:01 406213                     /usr/lib/jvm/java-8-openjdk-amd64/jre/lib/amd64/libjava.so
7fd9f2456000-7fd9f2466000 r-xp 00000000 08:01 406231                     /usr/lib/jvm/java-8-openjdk-amd64/jre/lib/amd64/libverify.so
7fd9f2466000-7fd9f2665000 ---p 00010000 08:01 406231                     /usr/lib/jvm/java-8-openjdk-amd64/jre/lib/amd64/libverify.so
7fd9f2665000-7fd9f2667000 r--p 0000f000 08:01 406231                     /usr/lib/jvm/java-8-openjdk-amd64/jre/lib/amd64/libverify.so
7fd9f2667000-7fd9f2668000 rw-p 00011000 08:01 406231                     /usr/lib/jvm/java-8-openjdk-amd64/jre/lib/amd64/libverify.so
7fd9f2668000-7fd9f266f000 r-xp 00000000 08:01 5640985                    /lib/x86_64-linux-gnu/librt-2.27.so
7fd9f266f000-7fd9f286e000 ---p 00007000 08:01 5640985                    /lib/x86_64-linux-gnu/librt-2.27.so
7fd9f286e000-7fd9f286f000 r--p 00006000 08:01 5640985                    /lib/x86_64-linux-gnu/librt-2.27.so
7fd9f286f000-7fd9f2870000 rw-p 00007000 08:01 5640985                    /lib/x86_64-linux-gnu/librt-2.27.so
7fd9f2870000-7fd9f2887000 r-xp 00000000 08:01 5644404                    /lib/x86_64-linux-gnu/libgcc_s.so.1
7fd9f2887000-7fd9f2a86000 ---p 00017000 08:01 5644404                    /lib/x86_64-linux-gnu/libgcc_s.so.1
7fd9f2a86000-7fd9f2a87000 r--p 00016000 08:01 5644404                    /lib/x86_64-linux-gnu/libgcc_s.so.1
7fd9f2a87000-7fd9f2a88000 rw-p 00017000 08:01 5644404                    /lib/x86_64-linux-gnu/libgcc_s.so.1
7fd9f2a88000-7fd9f2c25000 r-xp 00000000 08:01 5640908                    /lib/x86_64-linux-gnu/libm-2.27.so
7fd9f2c25000-7fd9f2e24000 ---p 0019d000 08:01 5640908                    /lib/x86_64-linux-gnu/libm-2.27.so
7fd9f2e24000-7fd9f2e25000 r--p 0019c000 08:01 5640908                    /lib/x86_64-linux-gnu/libm-2.27.so
7fd9f2e25000-7fd9f2e26000 rw-p 0019d000 08:01 5640908                    /lib/x86_64-linux-gnu/libm-2.27.so
7fd9f2e26000-7fd9f2f9f000 r-xp 00000000 08:01 395866                     /usr/lib/x86_64-linux-gnu/libstdc++.so.6.0.25
7fd9f2f9f000-7fd9f319f000 ---p 00179000 08:01 395866                     /usr/lib/x86_64-linux-gnu/libstdc++.so.6.0.25
7fd9f319f000-7fd9f31a9000 r--p 00179000 08:01 395866                     /usr/lib/x86_64-linux-gnu/libstdc++.so.6.0.25
7fd9f31a9000-7fd9f31ab000 rw-p 00183000 08:01 395866                     /usr/lib/x86_64-linux-gnu/libstdc++.so.6.0.25
7fd9f31ab000-7fd9f31af000 rw-p 00000000 00:00 0 
7fd9f31af000-7fd9f3e4c000 r-xp 00000000 08:01 406234                     /usr/lib/jvm/java-8-openjdk-amd64/jre/lib/amd64/server/libjvm.so
7fd9f3e4c000-7fd9f404b000 ---p 00c9d000 08:01 406234                     /usr/lib/jvm/java-8-openjdk-amd64/jre/lib/amd64/server/libjvm.so
7fd9f404b000-7fd9f40df000 r--p 00c9c000 08:01 406234                     /usr/lib/jvm/java-8-openjdk-amd64/jre/lib/amd64/server/libjvm.so
7fd9f40df000-7fd9f4108000 rw-p 00d30000 08:01 406234                     /usr/lib/jvm/java-8-openjdk-amd64/jre/lib/amd64/server/libjvm.so
7fd9f4108000-7fd9f4138000 rw-p 00000000 00:00 0 
7fd9f4138000-7fd9f4152000 r-xp 00000000 08:01 5640977                    /lib/x86_64-linux-gnu/libpthread-2.27.so
7fd9f4152000-7fd9f4351000 ---p 0001a000 08:01 5640977                    /lib/x86_64-linux-gnu/libpthread-2.27.so
7fd9f4351000-7fd9f4352000 r--p 00019000 08:01 5640977                    /lib/x86_64-linux-gnu/libpthread-2.27.so
7fd9f4352000-7fd9f4353000 rw-p 0001a000 08:01 5640977                    /lib/x86_64-linux-gnu/libpthread-2.27.so
7fd9f4353000-7fd9f4357000 rw-p 00000000 00:00 0 
7fd9f4357000-7fd9f435a000 r-xp 00000000 08:01 5640868                    /lib/x86_64-linux-gnu/libdl-2.27.so
7fd9f435a000-7fd9f4559000 ---p 00003000 08:01 5640868                    /lib/x86_64-linux-gnu/libdl-2.27.so
7fd9f4559000-7fd9f455a000 r--p 00002000 08:01 5640868                    /lib/x86_64-linux-gnu/libdl-2.27.so
7fd9f455a000-7fd9f455b000 rw-p 00003000 08:01 5640868                    /lib/x86_64-linux-gnu/libdl-2.27.so
7fd9f455b000-7fd9f4577000 r-xp 00000000 08:01 5641016                    /lib/x86_64-linux-gnu/libz.so.1.2.11
7fd9f4577000-7fd9f4776000 ---p 0001c000 08:01 5641016                    /lib/x86_64-linux-gnu/libz.so.1.2.11
7fd9f4776000-7fd9f4777000 r--p 0001b000 08:01 5641016                    /lib/x86_64-linux-gnu/libz.so.1.2.11
7fd9f4777000-7fd9f4778000 rw-p 0001c000 08:01 5641016                    /lib/x86_64-linux-gnu/libz.so.1.2.11
7fd9f4778000-7fd9f495f000 r-xp 00000000 08:01 5640845                    /lib/x86_64-linux-gnu/libc-2.27.so
7fd9f495f000-7fd9f4b5f000 ---p 001e7000 08:01 5640845                    /lib/x86_64-linux-gnu/libc-2.27.so
7fd9f4b5f000-7fd9f4b63000 r--p 001e7000 08:01 5640845                    /lib/x86_64-linux-gnu/libc-2.27.so
7fd9f4b63000-7fd9f4b65000 rw-p 001eb000 08:01 5640845                    /lib/x86_64-linux-gnu/libc-2.27.so
7fd9f4b65000-7fd9f4b69000 rw-p 00000000 00:00 0 
7fd9f4b69000-7fd9f4b77000 r-xp 00000000 08:01 406199                     /usr/lib/jvm/java-8-openjdk-amd64/jre/lib/amd64/jli/libjli.so
7fd9f4b77000-7fd9f4d76000 ---p 0000e000 08:01 406199                     /usr/lib/jvm/java-8-openjdk-amd64/jre/lib/amd64/jli/libjli.so
7fd9f4d76000-7fd9f4d77000 r--p 0000d000 08:01 406199                     /usr/lib/jvm/java-8-openjdk-amd64/jre/lib/amd64/jli/libjli.so
7fd9f4d77000-7fd9f4d78000 rw-p 0000e000 08:01 406199                     /usr/lib/jvm/java-8-openjdk-amd64/jre/lib/amd64/jli/libjli.so
7fd9f4d78000-7fd9f4d9f000 r-xp 00000000 08:01 5640817                    /lib/x86_64-linux-gnu/ld-2.27.so
7fd9f4d9f000-7fd9f4da1000 r--s 00019000 08:01 1588761                    /home/dsc/.sbt/boot/scala-2.12.7/org.scala-sbt/sbt/1.2.8/sourcecode_2.12-0.1.3.jar
7fd9f4da1000-7fd9f4da2000 r--s 00001000 08:01 1588768                    /home/dsc/.sbt/boot/scala-2.12.7/org.scala-sbt/sbt/1.2.8/scalacache-caffeine_2.12-0.20.0.jar
7fd9f4da2000-7fd9f4da8000 r--s 00080000 08:01 1588831                    /home/dsc/.sbt/boot/scala-2.12.7/lib/scala-xml_2.12.jar
7fd9f4da8000-7fd9f4dac000 r--s 0003e000 08:01 1588835                    /home/dsc/.sbt/boot/scala-2.12.7/lib/jline.jar
7fd9f4dac000-7fd9f4daf000 r--s 0000f000 08:01 406245                     /usr/lib/jvm/java-8-openjdk-amd64/jre/lib/ext/icedtea-sound.jar
7fd9f4daf000-7fd9f4db4000 r--s 0003c000 08:01 406250                     /usr/lib/jvm/java-8-openjdk-amd64/jre/lib/ext/sunjce_provider.jar
7fd9f4db4000-7fd9f4db5000 r--s 0000a000 08:01 406246                     /usr/lib/jvm/java-8-openjdk-amd64/jre/lib/ext/jaccess.jar
7fd9f4db5000-7fd9f4db7000 r--s 00001000 08:01 406244                     /usr/lib/jvm/java-8-openjdk-amd64/jre/lib/ext/dnsns.jar
7fd9f4db7000-7fd9f4db8000 r--s 00010000 08:01 406252                     /usr/lib/jvm/java-8-openjdk-amd64/jre/lib/ext/zipfs.jar
7fd9f4db8000-7fd9f4dbb000 r--s 00039000 08:01 406251                     /usr/lib/jvm/java-8-openjdk-amd64/jre/lib/ext/sunpkcs11.jar
7fd9f4dbb000-7fd9f4dbd000 r--s 00008000 08:01 406249                     /usr/lib/jvm/java-8-openjdk-amd64/jre/lib/ext/sunec.jar
7fd9f4dbd000-7fd9f4e84000 rw-p 00000000 00:00 0 
7fd9f4e84000-7fd9f4e85000 ---p 00000000 00:00 0 
7fd9f4e85000-7fd9f4e88000 ---p 00000000 00:00 0 
7fd9f4e88000-7fd9f4f87000 rw-p 00000000 00:00 0 
7fd9f4f87000-7fd9f4f91000 r--s 00116000 08:01 406247                     /usr/lib/jvm/java-8-openjdk-amd64/jre/lib/ext/localedata.jar
7fd9f4f91000-7fd9f4f93000 r--s 00007000 08:01 656193                     /usr/share/java/java-atk-wrapper.jar
7fd9f4f93000-7fd9f4f9b000 rw-s 00000000 08:01 6163968                    /tmp/hsperfdata_dsc/16273
7fd9f4f9b000-7fd9f4f9c000 rw-p 00000000 00:00 0 
7fd9f4f9c000-7fd9f4f9d000 ---p 00000000 00:00 0 
7fd9f4f9d000-7fd9f4f9f000 rw-p 00000000 00:00 0 
7fd9f4f9f000-7fd9f4fa0000 r--p 00027000 08:01 5640817                    /lib/x86_64-linux-gnu/ld-2.27.so
7fd9f4fa0000-7fd9f4fa1000 rw-p 00028000 08:01 5640817                    /lib/x86_64-linux-gnu/ld-2.27.so
7fd9f4fa1000-7fd9f4fa2000 rw-p 00000000 00:00 0 
7ffd7e706000-7ffd7e727000 rw-p 00000000 00:00 0                          [stack]
7ffd7e779000-7ffd7e77c000 r--p 00000000 00:00 0                          [vvar]
7ffd7e77c000-7ffd7e77e000 r-xp 00000000 00:00 0                          [vdso]
ffffffffff600000-ffffffffff601000 r-xp 00000000 00:00 0                  [vsyscall]

VM Arguments:
jvm_args: -Djline.terminal=jline.UnsupportedTerminal -Dsbt.log.noformat=true -Dfile.encoding=UTF-8 -Xmx1536M -Didea.managed=true -Dfile.encoding=UTF-8 
java_command: /home/dsc/.IntelliJIdea2019.1/config/plugins/Scala/launcher/sbt-launch.jar
java_class_path (initial): /home/dsc/.IntelliJIdea2019.1/config/plugins/Scala/launcher/sbt-launch.jar
Launcher Type: SUN_STANDARD

Environment Variables:
PATH=/usr/local/sbin:/usr/local/bin:/usr/sbin:/usr/bin:/sbin:/bin:/usr/games:/usr/local/games:/snap/bin
SHELL=/usr/bin/zsh
DISPLAY=:0.0

Signal Handlers:
SIGSEGV: [libjvm.so+0xab5000], sa_mask[0]=11111111011111111101111111111110, sa_flags=SA_RESTART|SA_SIGINFO
SIGBUS: [libjvm.so+0xab5000], sa_mask[0]=11111111011111111101111111111110, sa_flags=SA_RESTART|SA_SIGINFO
SIGFPE: [libjvm.so+0x8ea970], sa_mask[0]=11111111011111111101111111111110, sa_flags=SA_RESTART|SA_SIGINFO
SIGPIPE: [libjvm.so+0x8ea970], sa_mask[0]=11111111011111111101111111111110, sa_flags=SA_RESTART|SA_SIGINFO
SIGXFSZ: [libjvm.so+0x8ea970], sa_mask[0]=11111111011111111101111111111110, sa_flags=SA_RESTART|SA_SIGINFO
SIGILL: [libjvm.so+0x8ea970], sa_mask[0]=11111111011111111101111111111110, sa_flags=SA_RESTART|SA_SIGINFO
SIGUSR1: SIG_DFL, sa_mask[0]=00000000000000000000000000000000, sa_flags=none
SIGUSR2: [libjvm.so+0x8ea820], sa_mask[0]=00100000000000000000000000000000, sa_flags=SA_RESTART|SA_SIGINFO
SIGHUP: [libjvm.so+0x8eae90], sa_mask[0]=11111111011111111101111111111110, sa_flags=SA_RESTART|SA_SIGINFO
SIGINT: [libjvm.so+0x8eae90], sa_mask[0]=11111111011111111101111111111110, sa_flags=SA_RESTART|SA_SIGINFO
SIGTERM: [libjvm.so+0x8eae90], sa_mask[0]=11111111011111111101111111111110, sa_flags=SA_RESTART|SA_SIGINFO
SIGQUIT: [libjvm.so+0x8eae90], sa_mask[0]=11111111011111111101111111111110, sa_flags=SA_RESTART|SA_SIGINFO


---------------  S Y S T E M  ---------------

OS:DISTRIB_ID=Ubuntu
DISTRIB_RELEASE=18.04
DISTRIB_CODENAME=bionic
DISTRIB_DESCRIPTION="Ubuntu 18.04.2 LTS"

uname:Linux 4.15.0-51-generic #55-Ubuntu SMP Wed May 15 14:27:21 UTC 2019 x86_64
libc:glibc 2.27 NPTL 2.27 
rlimit: STACK 8192k, CORE 0k, NPROC 15606, NOFILE 1048576, AS infinity
load average:5,37 3,81 2,88

/proc/meminfo:
MemTotal:        4039516 kB
MemFree:           90620 kB
MemAvailable:          0 kB
Buffers:             292 kB
Cached:            96384 kB
SwapCached:          332 kB
Active:          3157468 kB
Inactive:         640956 kB
Active(anon):    3147608 kB
Inactive(anon):   629664 kB
Active(file):       9860 kB
Inactive(file):    11292 kB
Unevictable:          32 kB
Mlocked:              32 kB
SwapTotal:       2097148 kB
SwapFree:              4 kB
Dirty:               132 kB
Writeback:             0 kB
AnonPages:       3701688 kB
Mapped:            67844 kB
Shmem:             75340 kB
Slab:              60052 kB
SReclaimable:      25736 kB
SUnreclaim:        34316 kB
KernelStack:       14784 kB
PageTables:        47204 kB
NFS_Unstable:          0 kB
Bounce:                0 kB
WritebackTmp:          0 kB
CommitLimit:     4116904 kB
Committed_AS:    9068040 kB
VmallocTotal:   34359738367 kB
VmallocUsed:           0 kB
VmallocChunk:          0 kB
HardwareCorrupted:     0 kB
AnonHugePages:         0 kB
ShmemHugePages:        0 kB
ShmemPmdMapped:        0 kB
CmaTotal:              0 kB
CmaFree:               0 kB
HugePages_Total:       0
HugePages_Free:        0
HugePages_Rsvd:        0
HugePages_Surp:        0
Hugepagesize:       2048 kB
DirectMap4k:      118720 kB
DirectMap2M:     4075520 kB

container (cgroup) information:
container_type: cgroupv1
cpu_cpuset_cpus: 0-1
cpu_memory_nodes: 0
active_processor_count: 2
cpu_quota: -1
cpu_period: 100000
cpu_shares: -1
memory_limit_in_bytes: -1
memory_and_swap_limit_in_bytes: -2
memory_soft_limit_in_bytes: -1
memory_usage_in_bytes: 3888160768
memory_max_usage_in_bytes: 0


CPU:total 2 (initial active 2) (2 cores per cpu, 1 threads per core) family 6 model 61 stepping 4, cmov, cx8, fxsr, mmx, sse, sse2, sse3, ssse3, sse4.1, sse4.2, popcnt, avx, avx2, aes, clmul, 3dnowpref, lzcnt, tsc, tscinvbit

/proc/cpuinfo:
processor	: 0
vendor_id	: GenuineIntel
cpu family	: 6
model		: 61
model name	: Intel(R) Core(TM) i5-5350U CPU @ 1.80GHz
stepping	: 4
cpu MHz		: 1800.000
cache size	: 3072 KB
physical id	: 0
siblings	: 2
core id		: 0
cpu cores	: 2
apicid		: 0
initial apicid	: 0
fpu		: yes
fpu_exception	: yes
cpuid level	: 20
wp		: yes
flags		: fpu vme de pse tsc msr pae mce cx8 apic sep mtrr pge mca cmov pat pse36 clflush mmx fxsr sse sse2 ht syscall nx rdtscp lm constant_tsc rep_good nopl xtopology nonstop_tsc cpuid tsc_known_freq pni pclmulqdq ssse3 cx16 pcid sse4_1 sse4_2 x2apic movbe popcnt aes xsave avx rdrand hypervisor lahf_lm abm 3dnowprefetch invpcid_single pti fsgsbase avx2 invpcid rdseed flush_l1d
bugs		: cpu_meltdown spectre_v1 spectre_v2 spec_store_bypass l1tf mds
bogomips	: 3600.00
clflush size	: 64
cache_alignment	: 64
address sizes	: 39 bits physical, 48 bits virtual
power management:

processor	: 1
vendor_id	: GenuineIntel
cpu family	: 6
model		: 61
model name	: Intel(R) Core(TM) i5-5350U CPU @ 1.80GHz
stepping	: 4
cpu MHz		: 1800.000
cache size	: 3072 KB
physical id	: 0
siblings	: 2
core id		: 1
cpu cores	: 2
apicid		: 1
initial apicid	: 1
fpu		: yes
fpu_exception	: yes
cpuid level	: 20
wp		: yes
flags		: fpu vme de pse tsc msr pae mce cx8 apic sep mtrr pge mca cmov pat pse36 clflush mmx fxsr sse sse2 ht syscall nx rdtscp lm constant_tsc rep_good nopl xtopology nonstop_tsc cpuid tsc_known_freq pni pclmulqdq ssse3 cx16 pcid sse4_1 sse4_2 x2apic movbe popcnt aes xsave avx rdrand hypervisor lahf_lm abm 3dnowprefetch invpcid_single pti fsgsbase avx2 invpcid rdseed flush_l1d
bugs		: cpu_meltdown spectre_v1 spectre_v2 spec_store_bypass l1tf mds
bogomips	: 3600.00
clflush size	: 64
cache_alignment	: 64
address sizes	: 39 bits physical, 48 bits virtual
power management:



Memory: 4k page, physical 4039516k(93764k free), swap 2097148k(12k free)

vm_info: OpenJDK 64-Bit Server VM (25.212-b03) for linux-amd64 JRE (1.8.0_212-8u212-b03-0ubuntu1.18.04.1-b03), built on Apr 26 2019 01:04:36 by "buildd" with gcc 7.3.0

time: Tue Jun 25 11:43:14 2019
timezone: CEST
elapsed time: 23 seconds (0d 0h 0m 23s)

